<?xml version="1.0" encoding="UTF-8"?>
<!-- Generated by org.testng.reporters.JUnitReportReporter -->
<testsuite hostname="DESKTOP-SOSRCM3" failures="0" tests="4" name="Test01" time="0.028" errors="0" timestamp="2020-06-16T16:54:21 IST" skipped="0">
  <testcase classname="Test01" name="test4" time="0.003"/>
  <system-out/>
  <testcase classname="Test01" name="test1" time="0.018"/>
  <system-out/>
  <testcase classname="Test01" name="test3" time="0.005"/>
  <system-out/>
  <testcase classname="Test01" name="test2" time="0.002"/>
  <system-out/>
</testsuite> <!-- Test01 -->
